app/build/outputs/logs/manifest-merger-debug-report.txt
-- Merging decision tree log ---
manifest
ADDED from src/main/AndroidManifest.xml:2:1-84:12
	package
		ADDED from src/main/AndroidManifest.xml:3:5-43
		INJECTED from src/main/AndroidManifest.xml
		INJECTED from src/main/AndroidManifest.xml
	android:versionName
		ADDED from src/main/AndroidManifest.xml:5:5-30
	android:versionCode
		ADDED from src/main/AndroidManifest.xml:4:5-28
		INJECTED from src/main/AndroidManifest.xml
		INJECTED from src/main/AndroidManifest.xml
	xmlns:android
		ADDED from src/main/AndroidManifest.xml:2:11-69
uses-sdk
ADDED from src/main/AndroidManifest.xml:7:5-9:41
MERGED from [fmscmsandroid1024 vitamo:vitamio:unspecified] AndroidManifest.xml:7:5-9:41
	android:targetSdkVersion
		ADDED from src/main/AndroidManifest.xml:9:9-38
		INJECTED from src/main/AndroidManifest.xml
		INJECTED from src/main/AndroidManifest.xml
	android:minSdkVersion
		ADDED from src/main/AndroidManifest.xml:8:9-35
		INJECTED from src/main/AndroidManifest.xml
		INJECTED from src/main/AndroidManifest.xml
uses-feature#android.hardware.camera
ADDED from src/main/AndroidManifest.xml:11:5-60
	android:name
		ADDED from src/main/AndroidManifest.xml:11:19-57
uses-feature#android.hardware.camera.autofocus
ADDED from src/main/AndroidManifest.xml:12:5-70
	android:name
		ADDED from src/main/AndroidManifest.xml:12:19-67
uses-permission#android.permission.INTERNET
ADDED from src/main/AndroidManifest.xml:14:5-67
MERGED from [fmscmsandroid1024 vitamo:vitamio:unspecified] AndroidManifest.xml:12:5-67
	android:name
		ADDED from src/main/AndroidManifest.xml:14:22-64
uses-permission#android.permission.CAMERA
ADDED from src/main/AndroidManifest.xml:15:5-65
	android:name
		ADDED from src/main/AndroidManifest.xml:15:22-62
uses-permission#android.permission.RECORD_AUDIO
ADDED from src/main/AndroidManifest.xml:16:5-71
	android:name
		ADDED from src/main/AndroidManifest.xml:16:22-68
android:uses-permission#android.permission.WRITE_EXTERNAL_STORAGE
ADDED from src/main/AndroidManifest.xml:17:5-89
	android:name
		ADDED from src/main/AndroidManifest.xml:17:30-86
android:uses-permission#android.permission.READ_PHONE_STATE
ADDED from src/main/AndroidManifest.xml:18:5-83
	android:name
		ADDED from src/main/AndroidManifest.xml:18:30-80
android:uses-permission#android.permission.READ_EXTERNAL_STORAGE
ADDED from src/main/AndroidManifest.xml:19:5-88
	android:name
		ADDED from src/main/AndroidManifest.xml:19:30-85
application
ADDED from src/main/AndroidManifest.xml:20:5-82:19
MERGED from [fmscmsandroid1024 vitamo:vitamio:unspecified] AndroidManifest.xml:15:5-22:19
	android:label
		ADDED from src/main/AndroidManifest.xml:24:9-41
	android:allowBackup
		ADDED from src/main/AndroidManifest.xml:22:9-35
	android:icon
		ADDED from src/main/AndroidManifest.xml:23:9-38
	android:theme
		ADDED from src/main/AndroidManifest.xml:25:9-40
	android:name
		ADDED from src/main/AndroidManifest.xml:21:9-38
activity#cn.nodemedia.nodemediaclient.StartActivity
ADDED from src/main/AndroidManifest.xml:26:9-34:20
	android:label
		ADDED from src/main/AndroidManifest.xml:28:13-45
	android:name
		ADDED from src/main/AndroidManifest.xml:27:13-42
intent-filter#android.intent.action.MAIN+android.intent.category.LAUNCHER
ADDED from src/main/AndroidManifest.xml:29:13-33:29
action#android.intent.action.MAIN
ADDED from src/main/AndroidManifest.xml:30:17-69
	android:name
		ADDED from src/main/AndroidManifest.xml:30:25-66
category#android.intent.category.LAUNCHER
ADDED from src/main/AndroidManifest.xml:32:17-77
	android:name
		ADDED from src/main/AndroidManifest.xml:32:27-74
activity#cn.nodemedia.nodemediaclient.MainActivity
ADDED from src/main/AndroidManifest.xml:35:9-38:20
	android:label
		ADDED from src/main/AndroidManifest.xml:37:13-45
	android:name
		ADDED from src/main/AndroidManifest.xml:36:13-41
activity#cn.nodemedia.nodemediaclient.ShowActivity
ADDED from src/main/AndroidManifest.xml:39:9-45:20
	android:windowSoftInputMode
		ADDED from src/main/AndroidManifest.xml:41:13-65
	android:configChanges
		ADDED from src/main/AndroidManifest.xml:43:13-59
	android:theme
		ADDED from src/main/AndroidManifest.xml:44:13-66
	android:name
		ADDED from src/main/AndroidManifest.xml:40:13-69
activity#cn.nodemedia.nodemediaclient.JubaoActivity
ADDED from src/main/AndroidManifest.xml:46:9-51:20
	android:windowSoftInputMode
		ADDED from src/main/AndroidManifest.xml:48:13-52
	android:configChanges
		ADDED from src/main/AndroidManifest.xml:49:13-59
	android:theme
		ADDED from src/main/AndroidManifest.xml:50:13-66
	android:name
		ADDED from src/main/AndroidManifest.xml:47:13-70
activity#cn.cn.weilian.activity.MediaPlayerDemo_Video
ADDED from src/main/AndroidManifest.xml:51:24-56:16
	android:windowSoftInputMode
		ADDED from src/main/AndroidManifest.xml:53:9-48
	android:configChanges
		ADDED from src/main/AndroidManifest.xml:54:9-55
	android:theme
		ADDED from src/main/AndroidManifest.xml:55:9-62
	android:name
		ADDED from src/main/AndroidManifest.xml:52:9-68
activity#cn.nodemedia.nodemediaclient.FenxiangActivity
ADDED from src/main/AndroidManifest.xml:57:9-62:20
	android:windowSoftInputMode
		ADDED from src/main/AndroidManifest.xml:59:13-52
	android:configChanges
		ADDED from src/main/AndroidManifest.xml:60:13-59
	android:theme
		ADDED from src/main/AndroidManifest.xml:61:13-66
	android:name
		ADDED from src/main/AndroidManifest.xml:58:13-73
activity#cn.nodemedia.nodemediaclient.ChongZhiActivity
ADDED from src/main/AndroidManifest.xml:63:9-68:20
	android:windowSoftInputMode
		ADDED from src/main/AndroidManifest.xml:65:13-52
	android:configChanges
		ADDED from src/main/AndroidManifest.xml:66:13-59
	android:theme
		ADDED from src/main/AndroidManifest.xml:67:13-66
	android:name
		ADDED from src/main/AndroidManifest.xml:64:13-73
activity#cn.nodemedia.nodemediaclient.ShangChengActivity
ADDED from src/main/AndroidManifest.xml:69:9-74:20
	android:windowSoftInputMode
		ADDED from src/main/AndroidManifest.xml:71:13-52
	android:configChanges
		ADDED from src/main/AndroidManifest.xml:72:13-59
	android:theme
		ADDED from src/main/AndroidManifest.xml:73:13-66
	android:name
		ADDED from src/main/AndroidManifest.xml:70:13-75
activity#cn.cn.weilian.activity.LoginActivity
ADDED from src/main/AndroidManifest.xml:75:9-80:20
	android:windowSoftInputMode
		ADDED from src/main/AndroidManifest.xml:77:13-52
	android:configChanges
		ADDED from src/main/AndroidManifest.xml:78:13-59
	android:theme
		ADDED from src/main/AndroidManifest.xml:79:13-66
	android:name
		ADDED from src/main/AndroidManifest.xml:76:13-64
uses-permission#android.permission.WAKE_LOCK
ADDED from [fmscmsandroid1024 vitamo:vitamio:unspecified] AndroidManifest.xml:11:5-68
	android:name
		ADDED from [fmscmsandroid1024 vitamo:vitamio:unspecified] AndroidManifest.xml:11:22-65
uses-permission#android.permission.ACCESS_NETWORK_STATE
ADDED from [fmscmsandroid1024 vitamo:vitamio:unspecified] AndroidManifest.xml:13:5-79
	android:name
		ADDED from [fmscmsandroid1024 vitamo:vitamio:unspecified] AndroidManifest.xml:13:22-76
activity#io.vov.vitamio.activity.InitActivity
ADDED from [fmscmsandroid1024 vitamo:vitamio:unspecified] AndroidManifest.xml:16:9-21:63
	android:launchMode
		ADDED from [fmscmsandroid1024 vitamo:vitamio:unspecified] AndroidManifest.xml:19:13-43
	android:windowSoftInputMode
		ADDED from [fmscmsandroid1024 vitamo:vitamio:unspecified] AndroidManifest.xml:21:13-60
	android:configChanges
		ADDED from [fmscmsandroid1024 vitamo:vitamio:unspecified] AndroidManifest.xml:18:13-113
	android:theme
		ADDED from [fmscmsandroid1024 vitamo:vitamio:unspecified] AndroidManifest.xml:20:13-60
	android:name
		ADDED from [fmscmsandroid1024 vitamo:vitamio:unspecified] AndroidManifest.xml:17:13-64